[0.326s] Invoking command in '/home/cameron/Documents/robotics rover/rover/src/rover': PYTHONPATH=/home/cameron/Documents/robotics rover/rover/build/rover/prefix_override:/usr/lib/python3/dist-packages/colcon_core/task/python/colcon_distutils_commands:/home/cameron/Documents/robotics rover/rover/install/rover/lib/python3.10/site-packages:${PYTHONPATH} /usr/bin/python3 -W ignore:setup.py install is deprecated setup.py egg_info --egg-base ../../build/rover build --build-base /home/cameron/Documents/robotics rover/rover/build/rover/build install --record /home/cameron/Documents/robotics rover/rover/build/rover/install.log --single-version-externally-managed install_data
[0.455s] running egg_info
[0.456s] writing ../../build/rover/rover.egg-info/PKG-INFO
[0.456s] writing dependency_links to ../../build/rover/rover.egg-info/dependency_links.txt
[0.456s] writing entry points to ../../build/rover/rover.egg-info/entry_points.txt
[0.456s] writing requirements to ../../build/rover/rover.egg-info/requires.txt
[0.456s] writing top-level names to ../../build/rover/rover.egg-info/top_level.txt
[0.457s] reading manifest file '../../build/rover/rover.egg-info/SOURCES.txt'
[0.457s] writing manifest file '../../build/rover/rover.egg-info/SOURCES.txt'
[0.457s] running build
[0.457s] running build_py
[0.458s] running install
[0.458s] running install_lib
[0.458s] running install_data
[0.458s] running install_egg_info
[0.459s] removing '/home/cameron/Documents/robotics rover/rover/install/rover/lib/python3.10/site-packages/rover-0.0.0-py3.10.egg-info' (and everything under it)
[0.459s] Copying ../../build/rover/rover.egg-info to /home/cameron/Documents/robotics rover/rover/install/rover/lib/python3.10/site-packages/rover-0.0.0-py3.10.egg-info
[0.460s] running install_scripts
[0.471s] Installing motor_control_executable script to /home/cameron/Documents/robotics rover/rover/install/rover/lib/rover
[0.471s] writing list of installed files to '/home/cameron/Documents/robotics rover/rover/build/rover/install.log'
[0.485s] Invoked command in '/home/cameron/Documents/robotics rover/rover/src/rover' returned '0': PYTHONPATH=/home/cameron/Documents/robotics rover/rover/build/rover/prefix_override:/usr/lib/python3/dist-packages/colcon_core/task/python/colcon_distutils_commands:/home/cameron/Documents/robotics rover/rover/install/rover/lib/python3.10/site-packages:${PYTHONPATH} /usr/bin/python3 -W ignore:setup.py install is deprecated setup.py egg_info --egg-base ../../build/rover build --build-base /home/cameron/Documents/robotics rover/rover/build/rover/build install --record /home/cameron/Documents/robotics rover/rover/build/rover/install.log --single-version-externally-managed install_data
