[0.075s] DEBUG:colcon:Command line arguments: ['/usr/bin/colcon', 'build', '--packages-select', 'rover']
[0.075s] DEBUG:colcon:Parsed command line arguments: Namespace(log_base=None, log_level=None, verb_name='build', build_base='build', install_base='install', merge_install=False, symlink_install=False, test_result_base=None, continue_on_error=False, executor='parallel', parallel_workers=22, event_handlers=None, ignore_user_meta=False, metas=['./colcon.meta'], base_paths=['.'], packages_ignore=None, packages_ignore_regex=None, paths=None, packages_up_to=None, packages_up_to_regex=None, packages_above=None, packages_above_and_dependencies=None, packages_above_depth=None, packages_select_by_dep=None, packages_skip_by_dep=None, packages_skip_up_to=None, packages_select_build_failed=False, packages_skip_build_finished=False, packages_select_test_failures=False, packages_skip_test_passed=False, packages_select=['rover'], packages_skip=None, packages_select_regex=None, packages_skip_regex=None, packages_start=None, packages_end=None, allow_overriding=[], cmake_args=None, cmake_target=None, cmake_target_skip_unavailable=False, cmake_clean_cache=False, cmake_clean_first=False, cmake_force_configure=False, ament_cmake_args=None, catkin_cmake_args=None, catkin_skip_building_tests=False, mixin_files=None, mixin=None, verb_parser=<colcon_mixin.mixin.mixin_argument.MixinArgumentDecorator object at 0x71a5ea94a5f0>, verb_extension=<colcon_core.verb.build.BuildVerb object at 0x71a5ea94a020>, main=<bound method BuildVerb.main of <colcon_core.verb.build.BuildVerb object at 0x71a5ea94a020>>, mixin_verb=('build',))
[0.190s] Level 1:colcon.colcon_core.package_discovery:discover_packages(colcon_meta) check parameters
[0.190s] Level 1:colcon.colcon_core.package_discovery:discover_packages(recursive) check parameters
[0.190s] Level 1:colcon.colcon_core.package_discovery:discover_packages(ignore) check parameters
[0.190s] Level 1:colcon.colcon_core.package_discovery:discover_packages(path) check parameters
[0.190s] Level 1:colcon.colcon_core.package_discovery:discover_packages(colcon_meta) discover
[0.190s] Level 1:colcon.colcon_core.package_discovery:discover_packages(recursive) discover
[0.190s] INFO:colcon.colcon_core.package_discovery:Crawling recursively for packages in '/home/cameron/Documents/robotics rover/rover'
[0.190s] Level 1:colcon.colcon_core.package_identification:_identify(.) by extensions ['ignore', 'ignore_ament_install']
[0.190s] Level 1:colcon.colcon_core.package_identification:_identify(.) by extension 'ignore'
[0.190s] Level 1:colcon.colcon_core.package_identification:_identify(.) by extension 'ignore_ament_install'
[0.190s] Level 1:colcon.colcon_core.package_identification:_identify(.) by extensions ['colcon_pkg']
[0.190s] Level 1:colcon.colcon_core.package_identification:_identify(.) by extension 'colcon_pkg'
[0.190s] Level 1:colcon.colcon_core.package_identification:_identify(.) by extensions ['colcon_meta']
[0.190s] Level 1:colcon.colcon_core.package_identification:_identify(.) by extension 'colcon_meta'
[0.190s] Level 1:colcon.colcon_core.package_identification:_identify(.) by extensions ['ros']
[0.190s] Level 1:colcon.colcon_core.package_identification:_identify(.) by extension 'ros'
[0.197s] Level 1:colcon.colcon_core.package_identification:_identify(.) by extensions ['cmake', 'python']
[0.197s] Level 1:colcon.colcon_core.package_identification:_identify(.) by extension 'cmake'
[0.197s] Level 1:colcon.colcon_core.package_identification:_identify(.) by extension 'python'
[0.197s] Level 1:colcon.colcon_core.package_identification:_identify(.) by extensions ['python_setup_py']
[0.197s] Level 1:colcon.colcon_core.package_identification:_identify(.) by extension 'python_setup_py'
[0.197s] Level 1:colcon.colcon_core.package_identification:_identify(arduino_com) by extensions ['ignore', 'ignore_ament_install']
[0.197s] Level 1:colcon.colcon_core.package_identification:_identify(arduino_com) by extension 'ignore'
[0.197s] Level 1:colcon.colcon_core.package_identification:_identify(arduino_com) by extension 'ignore_ament_install'
[0.197s] Level 1:colcon.colcon_core.package_identification:_identify(arduino_com) by extensions ['colcon_pkg']
[0.197s] Level 1:colcon.colcon_core.package_identification:_identify(arduino_com) by extension 'colcon_pkg'
[0.197s] Level 1:colcon.colcon_core.package_identification:_identify(arduino_com) by extensions ['colcon_meta']
[0.197s] Level 1:colcon.colcon_core.package_identification:_identify(arduino_com) by extension 'colcon_meta'
[0.197s] Level 1:colcon.colcon_core.package_identification:_identify(arduino_com) by extensions ['ros']
[0.197s] Level 1:colcon.colcon_core.package_identification:_identify(arduino_com) by extension 'ros'
[0.197s] Level 1:colcon.colcon_core.package_identification:_identify(arduino_com) by extensions ['cmake', 'python']
[0.197s] Level 1:colcon.colcon_core.package_identification:_identify(arduino_com) by extension 'cmake'
[0.197s] Level 1:colcon.colcon_core.package_identification:_identify(arduino_com) by extension 'python'
[0.197s] Level 1:colcon.colcon_core.package_identification:_identify(arduino_com) by extensions ['python_setup_py']
[0.197s] Level 1:colcon.colcon_core.package_identification:_identify(arduino_com) by extension 'python_setup_py'
[0.198s] Level 1:colcon.colcon_core.package_identification:_identify(build) by extensions ['ignore', 'ignore_ament_install']
[0.198s] Level 1:colcon.colcon_core.package_identification:_identify(build) by extension 'ignore'
[0.198s] Level 1:colcon.colcon_core.package_identification:_identify(build) ignored
[0.198s] Level 1:colcon.colcon_core.package_identification:_identify(install) by extensions ['ignore', 'ignore_ament_install']
[0.198s] Level 1:colcon.colcon_core.package_identification:_identify(install) by extension 'ignore'
[0.198s] Level 1:colcon.colcon_core.package_identification:_identify(install) ignored
[0.198s] Level 1:colcon.colcon_core.package_identification:_identify(log) by extensions ['ignore', 'ignore_ament_install']
[0.198s] Level 1:colcon.colcon_core.package_identification:_identify(log) by extension 'ignore'
[0.198s] Level 1:colcon.colcon_core.package_identification:_identify(log) ignored
[0.198s] Level 1:colcon.colcon_core.package_identification:_identify(src) by extensions ['ignore', 'ignore_ament_install']
[0.198s] Level 1:colcon.colcon_core.package_identification:_identify(src) by extension 'ignore'
[0.198s] Level 1:colcon.colcon_core.package_identification:_identify(src) by extension 'ignore_ament_install'
[0.198s] Level 1:colcon.colcon_core.package_identification:_identify(src) by extensions ['colcon_pkg']
[0.198s] Level 1:colcon.colcon_core.package_identification:_identify(src) by extension 'colcon_pkg'
[0.198s] Level 1:colcon.colcon_core.package_identification:_identify(src) by extensions ['colcon_meta']
[0.198s] Level 1:colcon.colcon_core.package_identification:_identify(src) by extension 'colcon_meta'
[0.198s] Level 1:colcon.colcon_core.package_identification:_identify(src) by extensions ['ros']
[0.198s] Level 1:colcon.colcon_core.package_identification:_identify(src) by extension 'ros'
[0.198s] Level 1:colcon.colcon_core.package_identification:_identify(src) by extensions ['cmake', 'python']
[0.198s] Level 1:colcon.colcon_core.package_identification:_identify(src) by extension 'cmake'
[0.198s] Level 1:colcon.colcon_core.package_identification:_identify(src) by extension 'python'
[0.198s] Level 1:colcon.colcon_core.package_identification:_identify(src) by extensions ['python_setup_py']
[0.198s] Level 1:colcon.colcon_core.package_identification:_identify(src) by extension 'python_setup_py'
[0.198s] Level 1:colcon.colcon_core.package_identification:_identify(src/rover) by extensions ['ignore', 'ignore_ament_install']
[0.198s] Level 1:colcon.colcon_core.package_identification:_identify(src/rover) by extension 'ignore'
[0.198s] Level 1:colcon.colcon_core.package_identification:_identify(src/rover) by extension 'ignore_ament_install'
[0.198s] Level 1:colcon.colcon_core.package_identification:_identify(src/rover) by extensions ['colcon_pkg']
[0.198s] Level 1:colcon.colcon_core.package_identification:_identify(src/rover) by extension 'colcon_pkg'
[0.198s] Level 1:colcon.colcon_core.package_identification:_identify(src/rover) by extensions ['colcon_meta']
[0.198s] Level 1:colcon.colcon_core.package_identification:_identify(src/rover) by extension 'colcon_meta'
[0.198s] Level 1:colcon.colcon_core.package_identification:_identify(src/rover) by extensions ['ros']
[0.198s] Level 1:colcon.colcon_core.package_identification:_identify(src/rover) by extension 'ros'
[0.200s] DEBUG:colcon.colcon_core.package_identification:Package 'src/rover' with type 'ros.ament_python' and name 'rover'
[0.200s] Level 1:colcon.colcon_core.package_discovery:discover_packages(recursive) using defaults
[0.200s] Level 1:colcon.colcon_core.package_discovery:discover_packages(ignore) discover
[0.200s] Level 1:colcon.colcon_core.package_discovery:discover_packages(ignore) using defaults
[0.200s] Level 1:colcon.colcon_core.package_discovery:discover_packages(path) discover
[0.200s] Level 1:colcon.colcon_core.package_discovery:discover_packages(path) using defaults
[0.213s] Level 1:colcon.colcon_core.package_discovery:discover_packages(prefix_path) check parameters
[0.213s] Level 1:colcon.colcon_core.package_discovery:discover_packages(prefix_path) discover
[0.220s] DEBUG:colcon.colcon_installed_package_information.package_discovery:Found 1 installed packages in /home/cameron/Documents/robotics rover/rover/install
[0.220s] DEBUG:colcon.colcon_installed_package_information.package_discovery:Found 309 installed packages in /opt/ros/humble
[0.221s] Level 1:colcon.colcon_core.package_discovery:discover_packages(prefix_path) using defaults
[0.242s] Level 5:colcon.colcon_core.verb:set package 'rover' build argument 'cmake_args' from command line to 'None'
[0.242s] Level 5:colcon.colcon_core.verb:set package 'rover' build argument 'cmake_target' from command line to 'None'
[0.242s] Level 5:colcon.colcon_core.verb:set package 'rover' build argument 'cmake_target_skip_unavailable' from command line to 'False'
[0.242s] Level 5:colcon.colcon_core.verb:set package 'rover' build argument 'cmake_clean_cache' from command line to 'False'
[0.242s] Level 5:colcon.colcon_core.verb:set package 'rover' build argument 'cmake_clean_first' from command line to 'False'
[0.242s] Level 5:colcon.colcon_core.verb:set package 'rover' build argument 'cmake_force_configure' from command line to 'False'
[0.242s] Level 5:colcon.colcon_core.verb:set package 'rover' build argument 'ament_cmake_args' from command line to 'None'
[0.242s] Level 5:colcon.colcon_core.verb:set package 'rover' build argument 'catkin_cmake_args' from command line to 'None'
[0.242s] Level 5:colcon.colcon_core.verb:set package 'rover' build argument 'catkin_skip_building_tests' from command line to 'False'
[0.242s] DEBUG:colcon.colcon_core.verb:Building package 'rover' with the following arguments: {'ament_cmake_args': None, 'build_base': '/home/cameron/Documents/robotics rover/rover/build/rover', 'catkin_cmake_args': None, 'catkin_skip_building_tests': False, 'cmake_args': None, 'cmake_clean_cache': False, 'cmake_clean_first': False, 'cmake_force_configure': False, 'cmake_target': None, 'cmake_target_skip_unavailable': False, 'install_base': '/home/cameron/Documents/robotics rover/rover/install/rover', 'merge_install': False, 'path': '/home/cameron/Documents/robotics rover/rover/src/rover', 'symlink_install': False, 'test_result_base': None}
[0.242s] INFO:colcon.colcon_core.executor:Executing jobs using 'parallel' executor
[0.243s] DEBUG:colcon.colcon_parallel_executor.executor.parallel:run_until_complete
[0.243s] INFO:colcon.colcon_ros.task.ament_python.build:Building ROS package in '/home/cameron/Documents/robotics rover/rover/src/rover' with build type 'ament_python'
[0.243s] Level 1:colcon.colcon_core.shell:create_environment_hook('rover', 'ament_prefix_path')
[0.246s] INFO:colcon.colcon_core.plugin_system:Skipping extension 'colcon_core.shell.bat': Not used on non-Windows systems
[0.247s] INFO:colcon.colcon_core.shell:Creating environment hook '/home/cameron/Documents/robotics rover/rover/install/rover/share/rover/hook/ament_prefix_path.ps1'
[0.247s] INFO:colcon.colcon_core.shell:Creating environment descriptor '/home/cameron/Documents/robotics rover/rover/install/rover/share/rover/hook/ament_prefix_path.dsv'
[0.248s] INFO:colcon.colcon_core.shell:Creating environment hook '/home/cameron/Documents/robotics rover/rover/install/rover/share/rover/hook/ament_prefix_path.sh'
[0.248s] INFO:colcon.colcon_core.shell:Skip shell extension 'powershell' for command environment: Not usable outside of PowerShell
[0.248s] DEBUG:colcon.colcon_core.shell:Skip shell extension 'dsv' for command environment
[0.394s] INFO:colcon.colcon_core.task.python.build:Building Python package in '/home/cameron/Documents/robotics rover/rover/src/rover'
[0.394s] INFO:colcon.colcon_core.shell:Skip shell extension 'powershell' for command environment: Not usable outside of PowerShell
[0.394s] DEBUG:colcon.colcon_core.shell:Skip shell extension 'dsv' for command environment
[0.589s] DEBUG:colcon.colcon_core.event_handler.log_command:Invoking command in '/home/cameron/Documents/robotics rover/rover/src/rover': PYTHONPATH=/home/cameron/Documents/robotics rover/rover/build/rover/prefix_override:/usr/lib/python3/dist-packages/colcon_core/task/python/colcon_distutils_commands:/home/cameron/Documents/robotics rover/rover/install/rover/lib/python3.10/site-packages:${PYTHONPATH} /usr/bin/python3 -W ignore:setup.py install is deprecated setup.py egg_info --egg-base ../../build/rover build --build-base /home/cameron/Documents/robotics rover/rover/build/rover/build install --record /home/cameron/Documents/robotics rover/rover/build/rover/install.log --single-version-externally-managed install_data
[0.752s] DEBUG:colcon.colcon_core.event_handler.log_command:Invoked command in '/home/cameron/Documents/robotics rover/rover/src/rover' returned '0': PYTHONPATH=/home/cameron/Documents/robotics rover/rover/build/rover/prefix_override:/usr/lib/python3/dist-packages/colcon_core/task/python/colcon_distutils_commands:/home/cameron/Documents/robotics rover/rover/install/rover/lib/python3.10/site-packages:${PYTHONPATH} /usr/bin/python3 -W ignore:setup.py install is deprecated setup.py egg_info --egg-base ../../build/rover build --build-base /home/cameron/Documents/robotics rover/rover/build/rover/build install --record /home/cameron/Documents/robotics rover/rover/build/rover/install.log --single-version-externally-managed install_data
[0.758s] Level 1:colcon.colcon_core.environment:checking '/home/cameron/Documents/robotics rover/rover/install/rover' for CMake module files
[0.758s] Level 1:colcon.colcon_core.environment:checking '/home/cameron/Documents/robotics rover/rover/install/rover' for CMake config files
[0.758s] Level 1:colcon.colcon_core.environment:checking '/home/cameron/Documents/robotics rover/rover/install/rover/lib'
[0.759s] Level 1:colcon.colcon_core.environment:checking '/home/cameron/Documents/robotics rover/rover/install/rover/bin'
[0.759s] Level 1:colcon.colcon_core.environment:checking '/home/cameron/Documents/robotics rover/rover/install/rover/lib/pkgconfig/rover.pc'
[0.759s] Level 1:colcon.colcon_core.environment:checking '/home/cameron/Documents/robotics rover/rover/install/rover/lib/python3.10/site-packages'
[0.759s] Level 1:colcon.colcon_core.shell:create_environment_hook('rover', 'pythonpath')
[0.759s] INFO:colcon.colcon_core.shell:Creating environment hook '/home/cameron/Documents/robotics rover/rover/install/rover/share/rover/hook/pythonpath.ps1'
[0.759s] INFO:colcon.colcon_core.shell:Creating environment descriptor '/home/cameron/Documents/robotics rover/rover/install/rover/share/rover/hook/pythonpath.dsv'
[0.759s] INFO:colcon.colcon_core.shell:Creating environment hook '/home/cameron/Documents/robotics rover/rover/install/rover/share/rover/hook/pythonpath.sh'
[0.760s] Level 1:colcon.colcon_core.environment:checking '/home/cameron/Documents/robotics rover/rover/install/rover/bin'
[0.760s] Level 1:colcon.colcon_core.environment:create_environment_scripts_only(rover)
[0.760s] INFO:colcon.colcon_core.shell:Creating package script '/home/cameron/Documents/robotics rover/rover/install/rover/share/rover/package.ps1'
[0.760s] INFO:colcon.colcon_core.shell:Creating package descriptor '/home/cameron/Documents/robotics rover/rover/install/rover/share/rover/package.dsv'
[0.761s] INFO:colcon.colcon_core.shell:Creating package script '/home/cameron/Documents/robotics rover/rover/install/rover/share/rover/package.sh'
[0.761s] INFO:colcon.colcon_core.shell:Creating package script '/home/cameron/Documents/robotics rover/rover/install/rover/share/rover/package.bash'
[0.762s] INFO:colcon.colcon_core.shell:Creating package script '/home/cameron/Documents/robotics rover/rover/install/rover/share/rover/package.zsh'
[0.762s] Level 1:colcon.colcon_core.environment:create_file_with_runtime_dependencies(/home/cameron/Documents/robotics rover/rover/install/rover/share/colcon-core/packages/rover)
[0.763s] DEBUG:colcon.colcon_parallel_executor.executor.parallel:closing loop
[0.763s] DEBUG:colcon.colcon_parallel_executor.executor.parallel:loop closed
[0.763s] DEBUG:colcon.colcon_parallel_executor.executor.parallel:run_until_complete finished with '0'
[0.763s] DEBUG:colcon.colcon_core.event_reactor:joining thread
[0.768s] INFO:colcon.colcon_core.plugin_system:Skipping extension 'colcon_notification.desktop_notification.terminal_notifier': Not used on non-Darwin systems
[0.768s] INFO:colcon.colcon_core.plugin_system:Skipping extension 'colcon_notification.desktop_notification.win32': Not used on non-Windows systems
[0.768s] INFO:colcon.colcon_notification.desktop_notification:Sending desktop notification using 'notify2'
[0.782s] DEBUG:colcon.colcon_core.event_reactor:joined thread
[0.782s] INFO:colcon.colcon_core.shell:Creating prefix script '/home/cameron/Documents/robotics rover/rover/install/local_setup.ps1'
[0.783s] INFO:colcon.colcon_core.shell:Creating prefix util module '/home/cameron/Documents/robotics rover/rover/install/_local_setup_util_ps1.py'
[0.784s] INFO:colcon.colcon_core.shell:Creating prefix chain script '/home/cameron/Documents/robotics rover/rover/install/setup.ps1'
[0.784s] INFO:colcon.colcon_core.shell:Creating prefix script '/home/cameron/Documents/robotics rover/rover/install/local_setup.sh'
[0.785s] INFO:colcon.colcon_core.shell:Creating prefix util module '/home/cameron/Documents/robotics rover/rover/install/_local_setup_util_sh.py'
[0.785s] INFO:colcon.colcon_core.shell:Creating prefix chain script '/home/cameron/Documents/robotics rover/rover/install/setup.sh'
[0.786s] INFO:colcon.colcon_core.shell:Creating prefix script '/home/cameron/Documents/robotics rover/rover/install/local_setup.bash'
[0.786s] INFO:colcon.colcon_core.shell:Creating prefix chain script '/home/cameron/Documents/robotics rover/rover/install/setup.bash'
[0.786s] INFO:colcon.colcon_core.shell:Creating prefix script '/home/cameron/Documents/robotics rover/rover/install/local_setup.zsh'
[0.787s] INFO:colcon.colcon_core.shell:Creating prefix chain script '/home/cameron/Documents/robotics rover/rover/install/setup.zsh'
