[0.370s] Invoking command in '/home/cameron/Documents/robotics rover/rover/src/rover': PYTHONPATH=/home/cameron/Documents/robotics rover/rover/build/rover/prefix_override:/usr/lib/python3/dist-packages/colcon_core/task/python/colcon_distutils_commands:/home/cameron/Documents/robotics rover/rover/install/rover/lib/python3.10/site-packages:${PYTHONPATH} /usr/bin/python3 -W ignore:setup.py install is deprecated setup.py egg_info --egg-base ../../build/rover build --build-base /home/cameron/Documents/robotics rover/rover/build/rover/build install --record /home/cameron/Documents/robotics rover/rover/build/rover/install.log --single-version-externally-managed install_data
[0.496s] running egg_info
[0.497s] writing ../../build/rover/rover.egg-info/PKG-INFO
[0.497s] writing dependency_links to ../../build/rover/rover.egg-info/dependency_links.txt
[0.497s] writing entry points to ../../build/rover/rover.egg-info/entry_points.txt
[0.497s] writing requirements to ../../build/rover/rover.egg-info/requires.txt
[0.497s] writing top-level names to ../../build/rover/rover.egg-info/top_level.txt
[0.498s] reading manifest file '../../build/rover/rover.egg-info/SOURCES.txt'
[0.505s] writing manifest file '../../build/rover/rover.egg-info/SOURCES.txt'
[0.505s] running build
[0.505s] running build_py
[0.506s] copying rover/motor_control_node.py -> /home/cameron/Documents/robotics rover/rover/build/rover/build/lib/rover
[0.506s] running install
[0.506s] running install_lib
[0.506s] copying /home/cameron/Documents/robotics rover/rover/build/rover/build/lib/rover/motor_control_node.py -> /home/cameron/Documents/robotics rover/rover/install/rover/lib/python3.10/site-packages/rover
[0.506s] byte-compiling /home/cameron/Documents/robotics rover/rover/install/rover/lib/python3.10/site-packages/rover/motor_control_node.py to motor_control_node.cpython-310.pyc
[0.507s] running install_data
[0.507s] running install_egg_info
[0.508s] removing '/home/cameron/Documents/robotics rover/rover/install/rover/lib/python3.10/site-packages/rover-0.0.0-py3.10.egg-info' (and everything under it)
[0.508s] Copying ../../build/rover/rover.egg-info to /home/cameron/Documents/robotics rover/rover/install/rover/lib/python3.10/site-packages/rover-0.0.0-py3.10.egg-info
[0.508s] running install_scripts
[0.519s] Installing motor_control_executable script to /home/cameron/Documents/robotics rover/rover/install/rover/lib/rover
[0.520s] writing list of installed files to '/home/cameron/Documents/robotics rover/rover/build/rover/install.log'
[0.533s] Invoked command in '/home/cameron/Documents/robotics rover/rover/src/rover' returned '0': PYTHONPATH=/home/cameron/Documents/robotics rover/rover/build/rover/prefix_override:/usr/lib/python3/dist-packages/colcon_core/task/python/colcon_distutils_commands:/home/cameron/Documents/robotics rover/rover/install/rover/lib/python3.10/site-packages:${PYTHONPATH} /usr/bin/python3 -W ignore:setup.py install is deprecated setup.py egg_info --egg-base ../../build/rover build --build-base /home/cameron/Documents/robotics rover/rover/build/rover/build install --record /home/cameron/Documents/robotics rover/rover/build/rover/install.log --single-version-externally-managed install_data
